<?xml version="1.0" encoding="UTF-8"?>
<testsuite xmlns:xsi="http://www.w3.org/2001/XMLSchema-instance" xsi:noNamespaceSchemaLocation="https://maven.apache.org/surefire/maven-surefire-plugin/xsd/surefire-test-report.xsd" version="3.0.1" name="com.xulioxesus.TestAlumno" time="0.008" tests="3" errors="0" skipped="0" failures="0">
  <properties>
[...]
</properties>
  <testcase name="comprobarConstructorVacio" classname="com.xulioxesus.TestAlumno" time="0.0"/>
  <testcase name="comprobarToString" classname="com.xulioxesus.TestAlumno" time="0.004"/>
  <testcase name="comprobarGetters" classname="com.xulioxesus.TestAlumno" time="0.001"/>
</testsuite>